<?xml version="1.0" encoding="UTF-8"?>
<!-- Generated by org.testng.reporters.JUnitReportReporter -->
<testsuite hostname="MPARTHA" failures="0" tests="3" name="MPTech.tests.Originalcode2" time="62.859" errors="0" timestamp="2024-08-10T19:14:12 IST" skipped="0">
  <testcase classname="MPTech.tests.Originalcode2" name="submitorder" time="27.561"/>
  <testcase classname="MPTech.tests.Originalcode2" name="productvalidation" time="9.483"/>
  <testcase classname="MPTech.tests.Originalcode2" name="submitorder" time="25.815"/>
</testsuite> <!-- MPTech.tests.Originalcode2 -->
